d:\project1\project1\x64\debug\vc143.pdb
d:\project1\project1\x64\debug\vc143.idb
d:\project1\project1\x64\debug\stdafx.obj
d:\project1\project1\x64\debug\slimeandbat.obj
d:\project1\project1\x64\debug\player.obj
d:\project1\project1\x64\debug\main.obj
d:\project1\project1\x64\debug\game_map.obj
d:\project1\project1\x64\debug\enemy.obj
d:\project1\project1\x64\debug\commonfunc.obj
d:\project1\project1\x64\debug\bullet.obj
d:\project1\project1\x64\debug\baseobject.obj
d:\project1\project1\x64\debug\project1.ilk
d:\project1\x64\debug\project1.pdb
d:\project1\project1\x64\debug\project1.tlog\cl.command.1.tlog
d:\project1\project1\x64\debug\project1.tlog\cl.items.tlog
d:\project1\project1\x64\debug\project1.tlog\cl.read.1.tlog
d:\project1\project1\x64\debug\project1.tlog\cl.write.1.tlog
d:\project1\project1\x64\debug\project1.tlog\link-cvtres.read.1.tlog
d:\project1\project1\x64\debug\project1.tlog\link-cvtres.write.1.tlog
d:\project1\project1\x64\debug\project1.tlog\link-rc.read.1.tlog
d:\project1\project1\x64\debug\project1.tlog\link-rc.write.1.tlog
d:\project1\project1\x64\debug\project1.tlog\link.22124-cvtres.read.1.tlog
d:\project1\project1\x64\debug\project1.tlog\link.22124-cvtres.write.1.tlog
d:\project1\project1\x64\debug\project1.tlog\link.22124-rc.read.1.tlog
d:\project1\project1\x64\debug\project1.tlog\link.22124-rc.write.1.tlog
d:\project1\project1\x64\debug\project1.tlog\link.22124.read.1.tlog
d:\project1\project1\x64\debug\project1.tlog\link.22124.read.2.tlog
d:\project1\project1\x64\debug\project1.tlog\link.22124.write.1.tlog
d:\project1\project1\x64\debug\project1.tlog\link.command.1.tlog
d:\project1\project1\x64\debug\project1.tlog\link.read.1.tlog
d:\project1\project1\x64\debug\project1.tlog\link.read.2.tlog
d:\project1\project1\x64\debug\project1.tlog\link.secondary.1.tlog
d:\project1\project1\x64\debug\project1.tlog\link.write.1.tlog
